{"C:\\Users\\Usuarie\\Documents\\projects\\Testing - First Steps\\calc.js": {"path":"C:\\Users\\Usuarie\\Documents\\projects\\Testing - First Steps\\calc.js","all":false,"statementMap":{"0":{"start":{"line":1,"column":0},"end":{"line":1,"column":14}},"1":{"start":{"line":2,"column":0},"end":{"line":2,"column":28}},"2":{"start":{"line":3,"column":0},"end":{"line":3,"column":36}},"3":{"start":{"line":4,"column":0},"end":{"line":4,"column":62}},"4":{"start":{"line":5,"column":0},"end":{"line":5,"column":23}},"5":{"start":{"line":6,"column":0},"end":{"line":6,"column":16}},"6":{"start":{"line":7,"column":0},"end":{"line":7,"column":23}},"7":{"start":{"line":8,"column":0},"end":{"line":8,"column":9}},"8":{"start":{"line":9,"column":0},"end":{"line":9,"column":6}},"9":{"start":{"line":10,"column":0},"end":{"line":10,"column":30}},"10":{"start":{"line":11,"column":0},"end":{"line":11,"column":62}},"11":{"start":{"line":12,"column":0},"end":{"line":12,"column":23}},"12":{"start":{"line":13,"column":0},"end":{"line":13,"column":16}},"13":{"start":{"line":14,"column":0},"end":{"line":14,"column":23}},"14":{"start":{"line":15,"column":0},"end":{"line":15,"column":9}},"15":{"start":{"line":16,"column":0},"end":{"line":16,"column":6}},"16":{"start":{"line":17,"column":0},"end":{"line":17,"column":32}},"17":{"start":{"line":18,"column":0},"end":{"line":18,"column":34}},"18":{"start":{"line":19,"column":0},"end":{"line":19,"column":38}},"19":{"start":{"line":20,"column":0},"end":{"line":20,"column":71}},"20":{"start":{"line":21,"column":0},"end":{"line":21,"column":23}},"21":{"start":{"line":22,"column":0},"end":{"line":22,"column":16}},"22":{"start":{"line":23,"column":0},"end":{"line":23,"column":25}},"23":{"start":{"line":24,"column":0},"end":{"line":24,"column":9}},"24":{"start":{"line":25,"column":0},"end":{"line":25,"column":5}},"25":{"start":{"line":26,"column":0},"end":{"line":26,"column":1}},"26":{"start":{"line":27,"column":0},"end":{"line":27,"column":0}},"27":{"start":{"line":28,"column":0},"end":{"line":28,"column":22}}},"s":{"0":1,"1":1,"2":10,"3":10,"4":2,"5":10,"6":8,"7":8,"8":10,"9":1,"10":1,"11":0,"12":1,"13":1,"14":1,"15":1,"16":1,"17":1,"18":1,"19":1,"20":0,"21":0,"22":0,"23":0,"24":1,"25":1,"26":1,"27":1},"branchMap":{"0":{"type":"branch","line":2,"loc":{"start":{"line":2,"column":17},"end":{"line":9,"column":6}},"locations":[{"start":{"line":2,"column":17},"end":{"line":9,"column":6}}]},"1":{"type":"branch","line":4,"loc":{"start":{"line":4,"column":11},"end":{"line":4,"column":43}},"locations":[{"start":{"line":4,"column":11},"end":{"line":4,"column":43}}]},"2":{"type":"branch","line":4,"loc":{"start":{"line":4,"column":61},"end":{"line":6,"column":15}},"locations":[{"start":{"line":4,"column":61},"end":{"line":6,"column":15}}]},"3":{"type":"branch","line":6,"loc":{"start":{"line":6,"column":9},"end":{"line":8,"column":9}},"locations":[{"start":{"line":6,"column":9},"end":{"line":8,"column":9}}]},"4":{"type":"branch","line":10,"loc":{"start":{"line":10,"column":19},"end":{"line":16,"column":6}},"locations":[{"start":{"line":10,"column":19},"end":{"line":16,"column":6}}]},"5":{"type":"branch","line":11,"loc":{"start":{"line":11,"column":61},"end":{"line":13,"column":15}},"locations":[{"start":{"line":11,"column":61},"end":{"line":13,"column":15}}]},"6":{"type":"branch","line":17,"loc":{"start":{"line":17,"column":21},"end":{"line":25,"column":5}},"locations":[{"start":{"line":17,"column":21},"end":{"line":25,"column":5}}]},"7":{"type":"branch","line":20,"loc":{"start":{"line":20,"column":9},"end":{"line":24,"column":9}},"locations":[{"start":{"line":20,"column":9},"end":{"line":24,"column":9}}]}},"b":{"0":[10],"1":[9],"2":[2],"3":[8],"4":[1],"5":[0],"6":[1],"7":[0]},"fnMap":{"0":{"name":"suma","decl":{"start":{"line":2,"column":17},"end":{"line":9,"column":6}},"loc":{"start":{"line":2,"column":17},"end":{"line":9,"column":6}},"line":2},"1":{"name":"resta","decl":{"start":{"line":10,"column":19},"end":{"line":16,"column":6}},"loc":{"start":{"line":10,"column":19},"end":{"line":16,"column":6}},"line":10},"2":{"name":"divide","decl":{"start":{"line":17,"column":21},"end":{"line":25,"column":5}},"loc":{"start":{"line":17,"column":21},"end":{"line":25,"column":5}},"line":17}},"f":{"0":10,"1":1,"2":1}}
}
